1504416796.321098 client started (74800): version 2.5, socket /private/tmp/tmux-501/default, protocol 8
1504416796.321133 on Darwin 16.7.0 Darwin Kernel Version 16.7.0: Thu Jun 15 17:36:27 PDT 2017; root:xnu-3789.70.16~2/RELEASE_X86_64; libevent 2.1.8-stable (select)
1504416796.321174 socket is /private/tmp/tmux-501/default
1504416796.321190 trying connect
1504416796.321278 add peer 0x7fb02901c800: 6 (0x0)
1504416796.323574 sending message 100 to peer 0x7fb02901c800 (4 bytes)
1504416796.323592 sending message 101 to peer 0x7fb02901c800 (15 bytes)
1504416796.323596 sending message 102 to peer 0x7fb02901c800 (13 bytes)
1504416796.323600 sending message 108 to peer 0x7fb02901c800 (28 bytes)
1504416796.323611 sending message 104 to peer 0x7fb02901c800 (0 bytes)
1504416796.323614 sending message 107 to peer 0x7fb02901c800 (4 bytes)
1504416796.323618 sending message 105 to peer 0x7fb02901c800 (19 bytes)
1504416796.323622 sending message 105 to peer 0x7fb02901c800 (17 bytes)
1504416796.323625 sending message 105 to peer 0x7fb02901c800 (14 bytes)
1504416796.323629 sending message 105 to peer 0x7fb02901c800 (53 bytes)
1504416796.323632 sending message 105 to peer 0x7fb02901c800 (38 bytes)
1504416796.323636 sending message 105 to peer 0x7fb02901c800 (66 bytes)
1504416796.323639 sending message 105 to peer 0x7fb02901c800 (12 bytes)
1504416796.323643 sending message 105 to peer 0x7fb02901c800 (32 bytes)
1504416796.323646 sending message 105 to peer 0x7fb02901c800 (19 bytes)
1504416796.323650 sending message 105 to peer 0x7fb02901c800 (15 bytes)
1504416796.323653 sending message 105 to peer 0x7fb02901c800 (28 bytes)
1504416796.323657 sending message 105 to peer 0x7fb02901c800 (29 bytes)
1504416796.323660 sending message 105 to peer 0x7fb02901c800 (76 bytes)
1504416796.323664 sending message 105 to peer 0x7fb02901c800 (57 bytes)
1504416796.323667 sending message 105 to peer 0x7fb02901c800 (19 bytes)
1504416796.323671 sending message 105 to peer 0x7fb02901c800 (20 bytes)
1504416796.323674 sending message 105 to peer 0x7fb02901c800 (26 bytes)
1504416796.323677 sending message 105 to peer 0x7fb02901c800 (24 bytes)
1504416796.323681 sending message 105 to peer 0x7fb02901c800 (8 bytes)
1504416796.323689 sending message 105 to peer 0x7fb02901c800 (15 bytes)
1504416796.323692 sending message 105 to peer 0x7fb02901c800 (93 bytes)
1504416796.323696 sending message 105 to peer 0x7fb02901c800 (66 bytes)
1504416796.323699 sending message 105 to peer 0x7fb02901c800 (40 bytes)
1504416796.323703 sending message 105 to peer 0x7fb02901c800 (52 bytes)
1504416796.323706 sending message 105 to peer 0x7fb02901c800 (22 bytes)
1504416796.323710 sending message 105 to peer 0x7fb02901c800 (17 bytes)
1504416796.323713 sending message 105 to peer 0x7fb02901c800 (15 bytes)
1504416796.323717 sending message 106 to peer 0x7fb02901c800 (0 bytes)
1504416796.323724 sending message 200 to peer 0x7fb02901c800 (4 bytes)
1504416796.323729 client loop enter
1504416796.325314 peer 0x7fb02901c800 message 207
1504416796.325329 sending message 208 to peer 0x7fb02901c800 (0 bytes)
1504416803.083202 peer 0x7fb02901c800 message 203
1504416803.083227 sending message 205 to peer 0x7fb02901c800 (0 bytes)
1504416803.083477 peer 0x7fb02901c800 message 204
1504416803.083490 client loop exit
